This file contains any messages produced by compilers while
running configure, to aid debugging if configure makes a mistake.

It was created by m3u8-segmenter configure 0.3, which was
generated by GNU Autoconf 2.68.  Invocation command line was

  $ ./configure 

## --------- ##
## Platform. ##
## --------- ##

hostname = ubuntu
uname -m = x86_64
uname -r = 3.0.0-12-generic
uname -s = Linux
uname -v = #20-Ubuntu SMP Fri Oct 7 14:56:25 UTC 2011

/usr/bin/uname -p = unknown
/bin/uname -X     = unknown

/bin/arch              = unknown
/usr/bin/arch -k       = unknown
/usr/convex/getsysinfo = unknown
/usr/bin/hostinfo      = unknown
/bin/machine           = unknown
/usr/bin/oslevel       = unknown
/bin/universe          = unknown

PATH: /usr/lib/lightdm/lightdm
PATH: /usr/local/sbin
PATH: /usr/local/bin
PATH: /usr/sbin
PATH: /usr/bin
PATH: /sbin
PATH: /bin
PATH: /usr/games


## ----------- ##
## Core tests. ##
## ----------- ##

configure:2184: checking for a BSD-compatible install
configure:2252: result: /usr/bin/install -c
configure:2263: checking whether build environment is sane
configure:2313: result: yes
configure:2454: checking for a thread-safe mkdir -p
configure:2493: result: /bin/mkdir -p
configure:2506: checking for gawk
configure:2536: result: no
configure:2506: checking for mawk
configure:2522: found /usr/bin/mawk
configure:2533: result: mawk
configure:2544: checking whether make sets $(MAKE)
configure:2566: result: yes
configure:2702: checking for gcc
configure:2718: found /usr/bin/gcc
configure:2729: result: gcc
configure:2958: checking for C compiler version
configure:2967: gcc --version >&5
gcc (Ubuntu/Linaro 4.6.1-9ubuntu3) 4.6.1
Copyright (C) 2011 Free Software Foundation, Inc.
This is free software; see the source for copying conditions.  There is NO
warranty; not even for MERCHANTABILITY or FITNESS FOR A PARTICULAR PURPOSE.

configure:2978: $? = 0
configure:2967: gcc -v >&5
Using built-in specs.
COLLECT_GCC=gcc
COLLECT_LTO_WRAPPER=/usr/lib/gcc/x86_64-linux-gnu/4.6.1/lto-wrapper
Target: x86_64-linux-gnu
Configured with: ../src/configure -v --with-pkgversion='Ubuntu/Linaro 4.6.1-9ubuntu3' --with-bugurl=file:///usr/share/doc/gcc-4.6/README.Bugs --enable-languages=c,c++,fortran,objc,obj-c++,go --prefix=/usr --program-suffix=-4.6 --enable-shared --enable-linker-build-id --with-system-zlib --libexecdir=/usr/lib --without-included-gettext --enable-threads=posix --with-gxx-include-dir=/usr/include/c++/4.6 --libdir=/usr/lib --enable-nls --with-sysroot=/ --enable-clocale=gnu --enable-libstdcxx-debug --enable-libstdcxx-time=yes --enable-plugin --enable-objc-gc --disable-werror --with-arch-32=i686 --with-tune=generic --enable-checking=release --build=x86_64-linux-gnu --host=x86_64-linux-gnu --target=x86_64-linux-gnu
Thread model: posix
gcc version 4.6.1 (Ubuntu/Linaro 4.6.1-9ubuntu3) 
configure:2978: $? = 0
configure:2967: gcc -V >&5
gcc: error: unrecognized option '-V'
gcc: fatal error: no input files
compilation terminated.
configure:2978: $? = 4
configure:2967: gcc -qversion >&5
gcc: error: unrecognized option '-qversion'
gcc: fatal error: no input files
compilation terminated.
configure:2978: $? = 4
configure:2998: checking whether the C compiler works
configure:3020: gcc    conftest.c  >&5
configure:3024: $? = 0
configure:3072: result: yes
configure:3075: checking for C compiler default output file name
configure:3077: result: a.out
configure:3083: checking for suffix of executables
configure:3090: gcc -o conftest    conftest.c  >&5
configure:3094: $? = 0
configure:3116: result: 
configure:3138: checking whether we are cross compiling
configure:3146: gcc -o conftest    conftest.c  >&5
configure:3150: $? = 0
configure:3157: ./conftest
configure:3161: $? = 0
configure:3176: result: no
configure:3181: checking for suffix of object files
configure:3203: gcc -c   conftest.c >&5
configure:3207: $? = 0
configure:3228: result: o
configure:3232: checking whether we are using the GNU C compiler
configure:3251: gcc -c   conftest.c >&5
configure:3251: $? = 0
configure:3260: result: yes
configure:3269: checking whether gcc accepts -g
configure:3289: gcc -c -g  conftest.c >&5
configure:3289: $? = 0
configure:3330: result: yes
configure:3347: checking for gcc option to accept ISO C89
configure:3411: gcc  -c -g -O2  conftest.c >&5
configure:3411: $? = 0
configure:3424: result: none needed
configure:3455: checking for style of include used by make
configure:3483: result: GNU
configure:3508: checking dependency style of gcc
configure:3618: result: gcc3
configure:3633: checking whether make sets $(MAKE)
configure:3655: result: yes
configure:3673: checking how to run the C preprocessor
configure:3704: gcc -E  conftest.c
configure:3704: $? = 0
configure:3718: gcc -E  conftest.c
conftest.c:11:28: fatal error: ac_nonexistent.h: No such file or directory
compilation terminated.
configure:3718: $? = 1
configure: failed program was:
| /* confdefs.h */
| #define PACKAGE_NAME "m3u8-segmenter"
| #define PACKAGE_TARNAME "m3u8-segmenter"
| #define PACKAGE_VERSION "0.3"
| #define PACKAGE_STRING "m3u8-segmenter 0.3"
| #define PACKAGE_BUGREPORT "http://github.com/johnf/m3u8-segmenter/issues"
| #define PACKAGE_URL "http://m3u8-segmenter.inodes.org"
| #define PACKAGE "m3u8-segmenter"
| #define VERSION "0.3"
| /* end confdefs.h.  */
| #include <ac_nonexistent.h>
configure:3743: result: gcc -E
configure:3763: gcc -E  conftest.c
configure:3763: $? = 0
configure:3777: gcc -E  conftest.c
conftest.c:11:28: fatal error: ac_nonexistent.h: No such file or directory
compilation terminated.
configure:3777: $? = 1
configure: failed program was:
| /* confdefs.h */
| #define PACKAGE_NAME "m3u8-segmenter"
| #define PACKAGE_TARNAME "m3u8-segmenter"
| #define PACKAGE_VERSION "0.3"
| #define PACKAGE_STRING "m3u8-segmenter 0.3"
| #define PACKAGE_BUGREPORT "http://github.com/johnf/m3u8-segmenter/issues"
| #define PACKAGE_URL "http://m3u8-segmenter.inodes.org"
| #define PACKAGE "m3u8-segmenter"
| #define VERSION "0.3"
| /* end confdefs.h.  */
| #include <ac_nonexistent.h>
configure:3806: checking for grep that handles long lines and -e
configure:3864: result: /bin/grep
configure:3869: checking for egrep
configure:3931: result: /bin/grep -E
configure:3936: checking for ANSI C header files
configure:3956: gcc -c -g -O2  conftest.c >&5
configure:3956: $? = 0
configure:4029: gcc -o conftest -g -O2   conftest.c  >&5
configure:4029: $? = 0
configure:4029: ./conftest
configure:4029: $? = 0
configure:4040: result: yes
configure:4053: checking for sys/types.h
configure:4053: gcc -c -g -O2  conftest.c >&5
configure:4053: $? = 0
configure:4053: result: yes
configure:4053: checking for sys/stat.h
configure:4053: gcc -c -g -O2  conftest.c >&5
configure:4053: $? = 0
configure:4053: result: yes
configure:4053: checking for stdlib.h
configure:4053: gcc -c -g -O2  conftest.c >&5
configure:4053: $? = 0
configure:4053: result: yes
configure:4053: checking for string.h
configure:4053: gcc -c -g -O2  conftest.c >&5
configure:4053: $? = 0
configure:4053: result: yes
configure:4053: checking for memory.h
configure:4053: gcc -c -g -O2  conftest.c >&5
configure:4053: $? = 0
configure:4053: result: yes
configure:4053: checking for strings.h
configure:4053: gcc -c -g -O2  conftest.c >&5
configure:4053: $? = 0
configure:4053: result: yes
configure:4053: checking for inttypes.h
configure:4053: gcc -c -g -O2  conftest.c >&5
configure:4053: $? = 0
configure:4053: result: yes
configure:4053: checking for stdint.h
configure:4053: gcc -c -g -O2  conftest.c >&5
configure:4053: $? = 0
configure:4053: result: yes
configure:4053: checking for unistd.h
configure:4053: gcc -c -g -O2  conftest.c >&5
configure:4053: $? = 0
configure:4053: result: yes
configure:4067: checking for sys/types.h
configure:4067: result: yes
configure:4079: checking signal.h usability
configure:4079: gcc -c -g -O2  conftest.c >&5
configure:4079: $? = 0
configure:4079: result: yes
configure:4079: checking signal.h presence
configure:4079: gcc -E  conftest.c
configure:4079: $? = 0
configure:4079: result: yes
configure:4079: checking for signal.h
configure:4079: result: yes
configure:4091: checking getopt.h usability
configure:4091: gcc -c -g -O2  conftest.c >&5
configure:4091: $? = 0
configure:4091: result: yes
configure:4091: checking getopt.h presence
configure:4091: gcc -E  conftest.c
configure:4091: $? = 0
configure:4091: result: yes
configure:4091: checking for getopt.h
configure:4091: result: yes
configure:4104: checking for stdlib.h
configure:4104: result: yes
configure:4114: checking for GNU libc compatible malloc
configure:4138: gcc -o conftest -g -O2   conftest.c  >&5
configure:4138: $? = 0
configure:4138: ./conftest
configure:4138: $? = 0
configure:4148: result: yes
configure:4172: checking for memmove
configure:4172: gcc -o conftest -g -O2   conftest.c  >&5
conftest.c:49:6: warning: conflicting types for built-in function 'memmove' [enabled by default]
configure:4172: $? = 0
configure:4172: result: yes
configure:4172: checking for memset
configure:4172: gcc -o conftest -g -O2   conftest.c  >&5
conftest.c:50:6: warning: conflicting types for built-in function 'memset' [enabled by default]
configure:4172: $? = 0
configure:4172: result: yes
configure:4172: checking for strrchr
configure:4172: gcc -o conftest -g -O2   conftest.c  >&5
conftest.c:51:6: warning: conflicting types for built-in function 'strrchr' [enabled by default]
configure:4172: $? = 0
configure:4172: result: yes
configure:4172: checking for strtol
configure:4172: gcc -o conftest -g -O2   conftest.c  >&5
configure:4172: $? = 0
configure:4172: result: yes
configure:4236: checking for pkg-config
configure:4254: found /usr/bin/pkg-config
configure:4266: result: /usr/bin/pkg-config
configure:4291: checking pkg-config is at least version 0.9.0
configure:4294: result: yes
configure:4304: checking for FFMPEG
configure:4311: $PKG_CONFIG --exists --print-errors "libavformat libavcodec libavutil"
configure:4314: $? = 0
configure:4328: $PKG_CONFIG --exists --print-errors "libavformat libavcodec libavutil"
configure:4331: $? = 0
configure:4389: result: yes
configure:4571: creating ./config.status

## ---------------------- ##
## Running config.status. ##
## ---------------------- ##

This file was extended by m3u8-segmenter config.status 0.3, which was
generated by GNU Autoconf 2.68.  Invocation command line was

  CONFIG_FILES    = 
  CONFIG_HEADERS  = 
  CONFIG_LINKS    = 
  CONFIG_COMMANDS = 
  $ ./config.status 

on ubuntu

config.status:793: creating Makefile
config.status:793: creating tests/Makefile
config.status:965: executing depfiles commands

## ---------------- ##
## Cache variables. ##
## ---------------- ##

ac_cv_c_compiler_gnu=yes
ac_cv_env_CC_set=
ac_cv_env_CC_value=
ac_cv_env_CFLAGS_set=
ac_cv_env_CFLAGS_value=
ac_cv_env_CPPFLAGS_set=
ac_cv_env_CPPFLAGS_value=
ac_cv_env_CPP_set=
ac_cv_env_CPP_value=
ac_cv_env_FFMPEG_CFLAGS_set=
ac_cv_env_FFMPEG_CFLAGS_value=
ac_cv_env_FFMPEG_LIBS_set=
ac_cv_env_FFMPEG_LIBS_value=
ac_cv_env_LDFLAGS_set=
ac_cv_env_LDFLAGS_value=
ac_cv_env_LIBS_set=
ac_cv_env_LIBS_value=
ac_cv_env_PKG_CONFIG_LIBDIR_set=
ac_cv_env_PKG_CONFIG_LIBDIR_value=
ac_cv_env_PKG_CONFIG_PATH_set=
ac_cv_env_PKG_CONFIG_PATH_value=
ac_cv_env_PKG_CONFIG_set=
ac_cv_env_PKG_CONFIG_value=
ac_cv_env_build_alias_set=
ac_cv_env_build_alias_value=
ac_cv_env_host_alias_set=
ac_cv_env_host_alias_value=
ac_cv_env_target_alias_set=
ac_cv_env_target_alias_value=
ac_cv_func_malloc_0_nonnull=yes
ac_cv_func_memmove=yes
ac_cv_func_memset=yes
ac_cv_func_strrchr=yes
ac_cv_func_strtol=yes
ac_cv_header_getopt_h=yes
ac_cv_header_inttypes_h=yes
ac_cv_header_memory_h=yes
ac_cv_header_signal_h=yes
ac_cv_header_stdc=yes
ac_cv_header_stdint_h=yes
ac_cv_header_stdlib_h=yes
ac_cv_header_string_h=yes
ac_cv_header_strings_h=yes
ac_cv_header_sys_stat_h=yes
ac_cv_header_sys_types_h=yes
ac_cv_header_unistd_h=yes
ac_cv_objext=o
ac_cv_path_EGREP='/bin/grep -E'
ac_cv_path_GREP=/bin/grep
ac_cv_path_ac_pt_PKG_CONFIG=/usr/bin/pkg-config
ac_cv_path_install='/usr/bin/install -c'
ac_cv_path_mkdir=/bin/mkdir
ac_cv_prog_AWK=mawk
ac_cv_prog_CPP='gcc -E'
ac_cv_prog_ac_ct_CC=gcc
ac_cv_prog_cc_c89=
ac_cv_prog_cc_g=yes
ac_cv_prog_make_make_set=yes
am_cv_CC_dependencies_compiler_type=gcc3
pkg_cv_FFMPEG_CFLAGS='-I/usr/local/include  '
pkg_cv_FFMPEG_LIBS='-pthread -L/usr/local/lib -lavformat -lavcodec -ldl -lx264 -lmp3lame -lrt -lavutil -lm  '

## ----------------- ##
## Output variables. ##
## ----------------- ##

ACLOCAL='${SHELL} /home/huyle/work/tool/m3u8-segmenter-master/cfg/missing --run aclocal-1.11'
AMDEPBACKSLASH='\'
AMDEP_FALSE='#'
AMDEP_TRUE=''
AMTAR='${SHELL} /home/huyle/work/tool/m3u8-segmenter-master/cfg/missing --run tar'
AUTOCONF='${SHELL} /home/huyle/work/tool/m3u8-segmenter-master/cfg/missing --run autoconf'
AUTOHEADER='${SHELL} /home/huyle/work/tool/m3u8-segmenter-master/cfg/missing --run autoheader'
AUTOMAKE='${SHELL} /home/huyle/work/tool/m3u8-segmenter-master/cfg/missing --run automake-1.11'
AWK='mawk'
CC='gcc'
CCDEPMODE='depmode=gcc3'
CFLAGS='-g -O2 -Wall -Wextra -Wdeclaration-after-statement -Wpointer-arith -funsigned-char -Werror -Wall -Wstrict-prototypes -Wmissing-prototypes -Waggregate-return -Wcast-align -Wcast-qual -Wnested-externs -Wshadow -Wbad-function-cast -Wwrite-strings '
CPP='gcc -E'
CPPFLAGS=''
CYGPATH_W='echo'
DEFS='-DPACKAGE_NAME=\"m3u8-segmenter\" -DPACKAGE_TARNAME=\"m3u8-segmenter\" -DPACKAGE_VERSION=\"0.3\" -DPACKAGE_STRING=\"m3u8-segmenter\ 0.3\" -DPACKAGE_BUGREPORT=\"http://github.com/johnf/m3u8-segmenter/issues\" -DPACKAGE_URL=\"http://m3u8-segmenter.inodes.org\" -DPACKAGE=\"m3u8-segmenter\" -DVERSION=\"0.3\" -DSTDC_HEADERS=1 -DHAVE_SYS_TYPES_H=1 -DHAVE_SYS_STAT_H=1 -DHAVE_STDLIB_H=1 -DHAVE_STRING_H=1 -DHAVE_MEMORY_H=1 -DHAVE_STRINGS_H=1 -DHAVE_INTTYPES_H=1 -DHAVE_STDINT_H=1 -DHAVE_UNISTD_H=1 -DHAVE_SYS_TYPES_H=1 -DHAVE_SIGNAL_H=1 -DHAVE_GETOPT_H=1 -DHAVE_STDLIB_H=1 -DHAVE_MALLOC=1 -DHAVE_MEMMOVE=1 -DHAVE_MEMSET=1 -DHAVE_STRRCHR=1 -DHAVE_STRTOL=1'
DEPDIR='.deps'
ECHO_C=''
ECHO_N='-n'
ECHO_T=''
EGREP='/bin/grep -E'
EXEEXT=''
FFMPEG_CFLAGS='-I/usr/local/include  '
FFMPEG_LIBS='-pthread -L/usr/local/lib -lavformat -lavcodec -ldl -lx264 -lmp3lame -lrt -lavutil -lm  '
GREP='/bin/grep'
INSTALL_DATA='${INSTALL} -m 644'
INSTALL_PROGRAM='${INSTALL}'
INSTALL_SCRIPT='${INSTALL}'
INSTALL_STRIP_PROGRAM='$(install_sh) -c -s'
LDFLAGS=''
LIBOBJS=''
LIBS=''
LTLIBOBJS=''
MAKEINFO='${SHELL} /home/huyle/work/tool/m3u8-segmenter-master/cfg/missing --run makeinfo'
MKDIR_P='/bin/mkdir -p'
OBJEXT='o'
PACKAGE='m3u8-segmenter'
PACKAGE_BUGREPORT='http://github.com/johnf/m3u8-segmenter/issues'
PACKAGE_NAME='m3u8-segmenter'
PACKAGE_STRING='m3u8-segmenter 0.3'
PACKAGE_TARNAME='m3u8-segmenter'
PACKAGE_URL='http://m3u8-segmenter.inodes.org'
PACKAGE_VERSION='0.3'
PATH_SEPARATOR=':'
PKG_CONFIG='/usr/bin/pkg-config'
PKG_CONFIG_LIBDIR=''
PKG_CONFIG_PATH=''
SET_MAKE=''
SHELL='/bin/bash'
STRIP=''
VERSION='0.3'
ac_ct_CC='gcc'
am__EXEEXT_FALSE=''
am__EXEEXT_TRUE='#'
am__fastdepCC_FALSE='#'
am__fastdepCC_TRUE=''
am__include='include'
am__isrc=''
am__leading_dot='.'
am__quote=''
am__tar='${AMTAR} chof - "$$tardir"'
am__untar='${AMTAR} xf -'
bindir='${exec_prefix}/bin'
build_alias=''
datadir='${datarootdir}'
datarootdir='${prefix}/share'
docdir='${datarootdir}/doc/${PACKAGE_TARNAME}'
dvidir='${docdir}'
exec_prefix='${prefix}'
host_alias=''
htmldir='${docdir}'
includedir='${prefix}/include'
infodir='${datarootdir}/info'
install_sh='${SHELL} /home/huyle/work/tool/m3u8-segmenter-master/cfg/install-sh'
libdir='${exec_prefix}/lib'
libexecdir='${exec_prefix}/libexec'
localedir='${datarootdir}/locale'
localstatedir='${prefix}/var'
mandir='${datarootdir}/man'
mkdir_p='/bin/mkdir -p'
oldincludedir='/usr/include'
pdfdir='${docdir}'
prefix='/usr/local'
program_transform_name='s,x,x,'
psdir='${docdir}'
sbindir='${exec_prefix}/sbin'
sharedstatedir='${prefix}/com'
sysconfdir='${prefix}/etc'
target_alias=''

## ----------- ##
## confdefs.h. ##
## ----------- ##

/* confdefs.h */
#define PACKAGE_NAME "m3u8-segmenter"
#define PACKAGE_TARNAME "m3u8-segmenter"
#define PACKAGE_VERSION "0.3"
#define PACKAGE_STRING "m3u8-segmenter 0.3"
#define PACKAGE_BUGREPORT "http://github.com/johnf/m3u8-segmenter/issues"
#define PACKAGE_URL "http://m3u8-segmenter.inodes.org"
#define PACKAGE "m3u8-segmenter"
#define VERSION "0.3"
#define STDC_HEADERS 1
#define HAVE_SYS_TYPES_H 1
#define HAVE_SYS_STAT_H 1
#define HAVE_STDLIB_H 1
#define HAVE_STRING_H 1
#define HAVE_MEMORY_H 1
#define HAVE_STRINGS_H 1
#define HAVE_INTTYPES_H 1
#define HAVE_STDINT_H 1
#define HAVE_UNISTD_H 1
#define HAVE_SYS_TYPES_H 1
#define HAVE_SIGNAL_H 1
#define HAVE_GETOPT_H 1
#define HAVE_STDLIB_H 1
#define HAVE_MALLOC 1
#define HAVE_MEMMOVE 1
#define HAVE_MEMSET 1
#define HAVE_STRRCHR 1
#define HAVE_STRTOL 1

configure: exit 0
